Log file open, 02/08/17 13:18:37
LogInit:Display: Running engine for game: Obligtory
LogPlatformFile: Not using cached read wrapper
LogInit:Display: RandInit(-2060247474) SRandInit(-2060247474).
LogTaskGraph: Started task graph with 5 named threads and 8 total threads with 1 sets of task threads.
LogStats: Stats thread started at 0.083557
LogPluginManager: Loaded Plugin Paper2D, From C:/Program Files (x86)/Epic Games/4.14/Engine/Plugins/2D/Paper2D/Paper2D.uplugin
LogPluginManager: Loaded Plugin LightPropagationVolume, From C:/Program Files (x86)/Epic Games/4.14/Engine/Plugins/Blendables/LightPropagationVolume/LightPropagationVolume.uplugin
LogPluginManager: Loaded Plugin BlankPlugin, From C:/Program Files (x86)/Epic Games/4.14/Engine/Plugins/Developer/BlankPlugin/BlankPlugin.uplugin
LogPluginManager: Loaded Plugin CodeLiteSourceCodeAccess, From C:/Program Files (x86)/Epic Games/4.14/Engine/Plugins/Developer/CodeLiteSourceCodeAccess/CodeLiteSourceCodeAccess.uplugin
LogPluginManager: Loaded Plugin GitSourceControl, From C:/Program Files (x86)/Epic Games/4.14/Engine/Plugins/Developer/GitSourceControl/GitSourceControl.uplugin
LogPluginManager: Loaded Plugin KDevelopSourceCodeAccess, From C:/Program Files (x86)/Epic Games/4.14/Engine/Plugins/Developer/KDevelopSourceCodeAccess/KDevelopSourceCodeAccess.uplugin
LogPluginManager: Loaded Plugin NullSourceCodeAccess, From C:/Program Files (x86)/Epic Games/4.14/Engine/Plugins/Developer/NullSourceCodeAccess/NullSourceCodeAccess.uplugin
LogPluginManager: Loaded Plugin OneSkyLocalizationService, From C:/Program Files (x86)/Epic Games/4.14/Engine/Plugins/Developer/OneSkyLocalizationService/OneSkyLocalizationService.uplugin
LogPluginManager: Loaded Plugin PerforceSourceControl, From C:/Program Files (x86)/Epic Games/4.14/Engine/Plugins/Developer/PerforceSourceControl/PerforceSourceControl.uplugin
LogPluginManager: Loaded Plugin SubversionSourceControl, From C:/Program Files (x86)/Epic Games/4.14/Engine/Plugins/Developer/SubversionSourceControl/SubversionSourceControl.uplugin
LogPluginManager: Loaded Plugin UObjectPlugin, From C:/Program Files (x86)/Epic Games/4.14/Engine/Plugins/Developer/UObjectPlugin/UObjectPlugin.uplugin
LogPluginManager: Loaded Plugin VisualStudioSourceCodeAccess, From C:/Program Files (x86)/Epic Games/4.14/Engine/Plugins/Developer/VisualStudioSourceCodeAccess/VisualStudioSourceCodeAccess.uplugin
LogPluginManager: Loaded Plugin XCodeSourceCodeAccess, From C:/Program Files (x86)/Epic Games/4.14/Engine/Plugins/Developer/XCodeSourceCodeAccess/XCodeSourceCodeAccess.uplugin
LogPluginManager: Loaded Plugin AudioCapture, From C:/Program Files (x86)/Epic Games/4.14/Engine/Plugins/Editor/AudioCapture/AudioCapture.uplugin
LogPluginManager: Loaded Plugin EpicSurvey, From C:/Program Files (x86)/Epic Games/4.14/Engine/Plugins/Editor/EpicSurvey/EpicSurvey.uplugin
LogPluginManager: Loaded Plugin MacGraphicsSwitching, From C:/Program Files (x86)/Epic Games/4.14/Engine/Plugins/Editor/MacGraphicsSwitching/MacGraphicsSwitching.uplugin
LogPluginManager: Loaded Plugin MobileLauncherProfileWizard, From C:/Program Files (x86)/Epic Games/4.14/Engine/Plugins/Editor/MobileLauncherProfileWizard/MobileLauncherProfileWizard.uplugin
LogPluginManager: Loaded Plugin PluginBrowser, From C:/Program Files (x86)/Epic Games/4.14/Engine/Plugins/Editor/PluginBrowser/PluginBrowser.uplugin
LogPluginManager: Loaded Plugin SpeedTreeImporter, From C:/Program Files (x86)/Epic Games/4.14/Engine/Plugins/Editor/SpeedTreeImporter/SpeedTreeImporter.uplugin
LogPluginManager: Loaded Plugin SuperSearchEditor, From C:/Program Files (x86)/Epic Games/4.14/Engine/Plugins/Editor/SuperSearchEditor/SuperSearchEditor.uplugin
LogPluginManager: Loaded Plugin AlembicImporter, From C:/Program Files (x86)/Epic Games/4.14/Engine/Plugins/Experimental/AlembicImporter/AlembicImporter.uplugin
LogPluginManager: Loaded Plugin BlueprintStats, From C:/Program Files (x86)/Epic Games/4.14/Engine/Plugins/Experimental/BlueprintStats/BlueprintStats.uplugin
LogPluginManager: Loaded Plugin CharacterAI, From C:/Program Files (x86)/Epic Games/4.14/Engine/Plugins/Experimental/CharacterAI/CharacterAI.uplugin
LogPluginManager: Loaded Plugin CodeEditor, From C:/Program Files (x86)/Epic Games/4.14/Engine/Plugins/Experimental/CodeEditor/CodeEditor.uplugin
LogPluginManager: Loaded Plugin CodeView, From C:/Program Files (x86)/Epic Games/4.14/Engine/Plugins/Experimental/CodeView/CodeView.uplugin
LogPluginManager: Loaded Plugin HTML5Networking, From C:/Program Files (x86)/Epic Games/4.14/Engine/Plugins/Experimental/HTML5Networking/HTML5Networking.uplugin
LogPluginManager: Loaded Plugin OSVR, From C:/Program Files (x86)/Epic Games/4.14/Engine/Plugins/Experimental/OSVR/OSVR.uplugin
LogPluginManager: Loaded Plugin Phya, From C:/Program Files (x86)/Epic Games/4.14/Engine/Plugins/Experimental/Phya/Phya.uplugin
LogPluginManager: Loaded Plugin SignificanceManager, From C:/Program Files (x86)/Epic Games/4.14/Engine/Plugins/Experimental/SignificanceManager/SignificanceManager.uplugin
LogPluginManager: Loaded Plugin SimpleHMD, From C:/Program Files (x86)/Epic Games/4.14/Engine/Plugins/Experimental/SimpleHMD/SimpleHMD.uplugin
LogPluginManager: Loaded Plugin StereoPanorama, From C:/Program Files (x86)/Epic Games/4.14/Engine/Plugins/Experimental/StereoPanorama/StereoPanorama.uplugin
LogPluginManager: Loaded Plugin StructBox, From C:/Program Files (x86)/Epic Games/4.14/Engine/Plugins/Experimental/StructBox/StructBox.uplugin
LogPluginManager: Loaded Plugin AndroidMedia, From C:/Program Files (x86)/Epic Games/4.14/Engine/Plugins/Media/AndroidMedia/AndroidMedia.uplugin
LogPluginManager: Loaded Plugin AvfMedia, From C:/Program Files (x86)/Epic Games/4.14/Engine/Plugins/Media/AvfMedia/AvfMedia.uplugin
LogPluginManager: Loaded Plugin MediaPlayerEditor, From C:/Program Files (x86)/Epic Games/4.14/Engine/Plugins/Media/MediaPlayerEditor/MediaPlayerEditor.uplugin
LogPluginManager: Loaded Plugin WmfMedia, From C:/Program Files (x86)/Epic Games/4.14/Engine/Plugins/Media/WmfMedia/WmfMedia.uplugin
LogPluginManager: Loaded Plugin MessagingDebugger, From C:/Program Files (x86)/Epic Games/4.14/Engine/Plugins/Messaging/MessagingDebugger/MessagingDebugger.uplugin
LogPluginManager: Loaded Plugin TcpMessaging, From C:/Program Files (x86)/Epic Games/4.14/Engine/Plugins/Messaging/TcpMessaging/TcpMessaging.uplugin
LogPluginManager: Loaded Plugin UdpMessaging, From C:/Program Files (x86)/Epic Games/4.14/Engine/Plugins/Messaging/UdpMessaging/UdpMessaging.uplugin
LogPluginManager: Loaded Plugin LevelSequenceEditor, From C:/Program Files (x86)/Epic Games/4.14/Engine/Plugins/MovieScene/LevelSequenceEditor/LevelSequenceEditor.uplugin
LogPluginManager: Loaded Plugin MatineeToLevelSequence, From C:/Program Files (x86)/Epic Games/4.14/Engine/Plugins/MovieScene/MatineeToLevelSequence/MatineeToLevelSequence.uplugin
LogPluginManager: Loaded Plugin NetcodeUnitTest, From C:/Program Files (x86)/Epic Games/4.14/Engine/Plugins/NetcodeUnitTest/NetcodeUnitTest/NetcodeUnitTest.uplugin
LogPluginManager: Loaded Plugin NUTUnrealEngine4, From C:/Program Files (x86)/Epic Games/4.14/Engine/Plugins/NetcodeUnitTest/NUTUnrealEngine4/NUTUnrealEngine4.uplugin
LogPluginManager: Loaded Plugin OnlineSubsystemGameCircle, From C:/Program Files (x86)/Epic Games/4.14/Engine/Plugins/Online/Android/OnlineSubsystemGameCircle/OnlineSubsystemGameCircle.uplugin
LogPluginManager: Loaded Plugin OnlineSubsystemGooglePlay, From C:/Program Files (x86)/Epic Games/4.14/Engine/Plugins/Online/Android/OnlineSubsystemGooglePlay/OnlineSubsystemGooglePlay.uplugin
LogPluginManager: Loaded Plugin OnlineSubsystemIOS, From C:/Program Files (x86)/Epic Games/4.14/Engine/Plugins/Online/IOS/OnlineSubsystemIOS/OnlineSubsystemIOS.uplugin
LogPluginManager: Loaded Plugin OnlineFramework, From C:/Program Files (x86)/Epic Games/4.14/Engine/Plugins/Online/OnlineFramework/OnlineFramework.uplugin
LogPluginManager: Loaded Plugin OnlineSubsystem, From C:/Program Files (x86)/Epic Games/4.14/Engine/Plugins/Online/OnlineSubsystem/OnlineSubsystem.uplugin
LogPluginManager: Loaded Plugin OnlineSubsystemAmazon, From C:/Program Files (x86)/Epic Games/4.14/Engine/Plugins/Online/OnlineSubsystemAmazon/OnlineSubsystemAmazon.uplugin
LogPluginManager: Loaded Plugin OnlineSubsystemFacebook, From C:/Program Files (x86)/Epic Games/4.14/Engine/Plugins/Online/OnlineSubsystemFacebook/OnlineSubsystemFacebook.uplugin
LogPluginManager: Loaded Plugin OnlineSubsystemNull, From C:/Program Files (x86)/Epic Games/4.14/Engine/Plugins/Online/OnlineSubsystemNull/OnlineSubsystemNull.uplugin
LogPluginManager: Loaded Plugin OnlineSubsystemOculus, From C:/Program Files (x86)/Epic Games/4.14/Engine/Plugins/Online/OnlineSubsystemOculus/OnlineSubsystemOculus.uplugin
LogPluginManager: Loaded Plugin OnlineSubsystemSteam, From C:/Program Files (x86)/Epic Games/4.14/Engine/Plugins/Online/OnlineSubsystemSteam/OnlineSubsystemSteam.uplugin
LogPluginManager: Loaded Plugin OnlineSubsystemUtils, From C:/Program Files (x86)/Epic Games/4.14/Engine/Plugins/Online/OnlineSubsystemUtils/OnlineSubsystemUtils.uplugin
LogPluginManager: Loaded Plugin IOSTapJoy, From C:/Program Files (x86)/Epic Games/4.14/Engine/Plugins/Runtime/Advertising/IOSTapJoy/IOSTapJoy.uplugin
LogPluginManager: Loaded Plugin AnalyticsBlueprintLibrary, From C:/Program Files (x86)/Epic Games/4.14/Engine/Plugins/Runtime/Analytics/AnalyticsBlueprintLibrary/AnalyticsBlueprintLibrary.uplugin
LogPluginManager: Loaded Plugin AnalyticsMulticast, From C:/Program Files (x86)/Epic Games/4.14/Engine/Plugins/Runtime/Analytics/AnalyticsMulticast/AnalyticsMulticast.uplugin
LogPluginManager: Loaded Plugin Apsalar, From C:/Program Files (x86)/Epic Games/4.14/Engine/Plugins/Runtime/Analytics/Apsalar/Apsalar.uplugin
LogPluginManager: Loaded Plugin FileLogging, From C:/Program Files (x86)/Epic Games/4.14/Engine/Plugins/Runtime/Analytics/FileLogging/FileLogging.uplugin
LogPluginManager: Loaded Plugin Flurry, From C:/Program Files (x86)/Epic Games/4.14/Engine/Plugins/Runtime/Analytics/Flurry/Flurry.uplugin
LogPluginManager: Loaded Plugin AndroidDeviceProfileSelector, From C:/Program Files (x86)/Epic Games/4.14/Engine/Plugins/Runtime/AndroidDeviceProfileSelector/AndroidDeviceProfileSelector.uplugin
LogPluginManager: Loaded Plugin AndroidMoviePlayer, From C:/Program Files (x86)/Epic Games/4.14/Engine/Plugins/Runtime/AndroidMoviePlayer/AndroidMoviePlayer.uplugin
LogPluginManager: Loaded Plugin AppleMoviePlayer, From C:/Program Files (x86)/Epic Games/4.14/Engine/Plugins/Runtime/AppleMoviePlayer/AppleMoviePlayer.uplugin
LogPluginManager: Loaded Plugin ArchVisCharacter, From C:/Program Files (x86)/Epic Games/4.14/Engine/Plugins/Runtime/ArchVisCharacter/ArchVisCharacter.uplugin
LogPluginManager: Loaded Plugin CableComponent, From C:/Program Files (x86)/Epic Games/4.14/Engine/Plugins/Runtime/CableComponent/CableComponent.uplugin
LogPluginManager: Loaded Plugin CustomMeshComponent, From C:/Program Files (x86)/Epic Games/4.14/Engine/Plugins/Runtime/CustomMeshComponent/CustomMeshComponent.uplugin
LogPluginManager: Loaded Plugin ExampleDeviceProfileSelector, From C:/Program Files (x86)/Epic Games/4.14/Engine/Plugins/Runtime/ExampleDeviceProfileSelector/ExampleDeviceProfileSelector.uplugin
LogPluginManager: Loaded Plugin GearVR, From C:/Program Files (x86)/Epic Games/4.14/Engine/Plugins/Runtime/GearVR/GearVR.uplugin
LogPluginManager: Loaded Plugin GoogleVRController, From C:/Program Files (x86)/Epic Games/4.14/Engine/Plugins/Runtime/GoogleVR/GoogleVRController/GoogleVRController.uplugin
LogPluginManager: Loaded Plugin GoogleVRHMD, From C:/Program Files (x86)/Epic Games/4.14/Engine/Plugins/Runtime/GoogleVR/GoogleVRHMD/GoogleVRHMD.uplugin
LogPluginManager: Loaded Plugin IOSDeviceProfileSelector, From C:/Program Files (x86)/Epic Games/4.14/Engine/Plugins/Runtime/IOSDeviceProfileSelector/IOSDeviceProfileSelector.uplugin
LogPluginManager: Loaded Plugin LeapMotion, From C:/Program Files (x86)/Epic Games/4.14/Engine/Plugins/Runtime/LeapMotion/LeapMotion.uplugin
LogPluginManager: Loaded Plugin LinuxDeviceProfileSelector, From C:/Program Files (x86)/Epic Games/4.14/Engine/Plugins/Runtime/LinuxDeviceProfileSelector/LinuxDeviceProfileSelector.uplugin
LogPluginManager: Loaded Plugin MIDIDevice, From C:/Program Files (x86)/Epic Games/4.14/Engine/Plugins/Runtime/MIDIDevice/MIDIDevice.uplugin
LogPluginManager: Loaded Plugin MobilePatchingUtils, From C:/Program Files (x86)/Epic Games/4.14/Engine/Plugins/Runtime/MobilePatchingUtils/MobilePatchingUtils.uplugin
LogPluginManager: Loaded Plugin Ansel, From C:/Program Files (x86)/Epic Games/4.14/Engine/Plugins/Runtime/Nvidia/Ansel/Ansel.uplugin
LogPluginManager: Loaded Plugin OculusAudio, From C:/Program Files (x86)/Epic Games/4.14/Engine/Plugins/Runtime/OculusAudio/OculusAudio.uplugin
LogPluginManager: Loaded Plugin OculusInput, From C:/Program Files (x86)/Epic Games/4.14/Engine/Plugins/Runtime/OculusInput/OculusInput.uplugin
LogPluginManager: Loaded Plugin OculusLibrary, From C:/Program Files (x86)/Epic Games/4.14/Engine/Plugins/Runtime/OculusLibrary/OculusLibrary.uplugin
LogPluginManager: Loaded Plugin OculusRift, From C:/Program Files (x86)/Epic Games/4.14/Engine/Plugins/Runtime/OculusRift/OculusRift.uplugin
LogPluginManager: Loaded Plugin Oodle, From C:/Program Files (x86)/Epic Games/4.14/Engine/Plugins/Runtime/PacketHandlers/CompressionComponents/Oodle/Oodle.uplugin
LogPluginManager: Loaded Plugin ProceduralMeshComponent, From C:/Program Files (x86)/Epic Games/4.14/Engine/Plugins/Runtime/ProceduralMeshComponent/ProceduralMeshComponent.uplugin
LogPluginManager: Loaded Plugin SoundMod, From C:/Program Files (x86)/Epic Games/4.14/Engine/Plugins/Runtime/SoundMod/SoundMod.uplugin
LogPluginManager: Loaded Plugin SoundVisualizations, From C:/Program Files (x86)/Epic Games/4.14/Engine/Plugins/Runtime/SoundVisualizations/SoundVisualizations.uplugin
LogPluginManager: Loaded Plugin SteamController, From C:/Program Files (x86)/Epic Games/4.14/Engine/Plugins/Runtime/Steam/SteamController/SteamController.uplugin
LogPluginManager: Loaded Plugin SteamVR, From C:/Program Files (x86)/Epic Games/4.14/Engine/Plugins/Runtime/Steam/SteamVR/SteamVR.uplugin
LogPluginManager: Loaded Plugin WebBrowserWidget, From C:/Program Files (x86)/Epic Games/4.14/Engine/Plugins/Runtime/WebBrowserWidget/WebBrowserWidget.uplugin
LogPluginManager: Loaded Plugin WindowsDeviceProfileSelector, From C:/Program Files (x86)/Epic Games/4.14/Engine/Plugins/Runtime/WindowsDeviceProfileSelector/WindowsDeviceProfileSelector.uplugin
LogPluginManager: Loaded Plugin WindowsMoviePlayer, From C:/Program Files (x86)/Epic Games/4.14/Engine/Plugins/Runtime/WindowsMoviePlayer/WindowsMoviePlayer.uplugin
LogPluginManager: Loaded Plugin ScriptPlugin, From C:/Program Files (x86)/Epic Games/4.14/Engine/Plugins/ScriptPlugin/ScriptPlugin.uplugin
LogPluginManager: Loaded Plugin SlateRemote, From C:/Program Files (x86)/Epic Games/4.14/Engine/Plugins/Slate/SlateRemote/SlateRemote.uplugin
LogPluginManager: Loaded Plugin EditorTests, From C:/Program Files (x86)/Epic Games/4.14/Engine/Plugins/Tests/EditorTests/EditorTests.uplugin
LogPluginManager: Loaded Plugin FbxAutomationTestBuilder, From C:/Program Files (x86)/Epic Games/4.14/Engine/Plugins/Tests/FbxAutomationTestBuilder/FbxAutomationTestBuilder.uplugin
LogPluginManager: Loaded Plugin FunctionalTestingEditor, From C:/Program Files (x86)/Epic Games/4.14/Engine/Plugins/Tests/FunctionalTestingEditor/FunctionalTestingEditor.uplugin
LogPluginManager: Loaded Plugin RuntimeTests, From C:/Program Files (x86)/Epic Games/4.14/Engine/Plugins/Tests/RuntimeTests/RuntimeTests.uplugin
LogPluginManager: Loaded Plugin ScreenshotTools, From C:/Program Files (x86)/Epic Games/4.14/Engine/Plugins/Tests/ScreenshotTools/ScreenshotTools.uplugin
LogInit:Warning: Incompatible or missing module: UE4Editor-Obligtory.dll
Running C:/Program Files (x86)/Epic Games/4.14/Engine/Binaries/DotNET/UnrealBuildTool.exe Obligtory Development Win64 -project="C:/Users/refat/OneDrive/Documents/Unreal Projects/Obligtory/Obligtory.uproject" -editorrecompile -progress -noubtmakefiles -NoHotReloadFromIDE
@progress push 5%
Parsing headers for ObligtoryEditor
  Running UnrealHeaderTool "C:\Users\refat\OneDrive\Documents\Unreal Projects\Obligtory\Obligtory.uproject" "C:\Users\refat\OneDrive\Documents\Unreal Projects\Obligtory\Intermediate\Build\Win64\ObligtoryEditor\Development\ObligtoryEditor.uhtmanifest" -LogCmds="loginit warning, logexit warning, logdatabase error" -Unattended -WarningsAsErrors -installed
Reflection code generated for ObligtoryEditor in 6.6111594 seconds
@progress pop
Performing 10 actions (4 in parallel)
[2/10] Resource PCLaunch.rc
[3/10] Resource ModuleVersionResource.rc.inl
PCH.Obligtory.h.cpp
Bullet.cpp
Obligtory.generated.cpp
Enemy.cpp
ShipPawn.cpp
C:\Users\refat\OneDrive\Documents\Unreal Projects\Obligtory\Source\Obligtory\ShipPawn.cpp(64): warning C4458: declaration of 'InputComponent' hides class member
C:\Program Files (x86)\Epic Games\4.14\Engine\Source\Runtime\Engine\Classes\GameFramework/Actor.h(319): note: see declaration of 'AActor::InputComponent'
ObligtoryGameModeBase.cpp
Obligtory.cpp
[10/10] Link UE4Editor-Obligtory.dll
   Creating library C:\Users\refat\OneDrive\Documents\Unreal Projects\Obligtory\Intermediate\Build\Win64\UE4Editor\Development\UE4Editor-Obligtory.lib and object C:\Users\refat\OneDrive\Documents\Unreal Projects\Obligtory\Intermediate\Build\Win64\UE4Editor\Development\UE4Editor-Obligtory.exp
Total build time: 95.74 seconds
LogInit: Using libcurl 7.47.1
LogInit:  - built for x86_64-pc-win32
LogInit:  - supports SSL with OpenSSL/1.0.2g
LogInit:  - supports HTTP deflate (compression) using libz 1.2.8
LogInit:  - other features:
LogInit:      CURL_VERSION_SSL
LogInit:      CURL_VERSION_LIBZ
LogInit:      CURL_VERSION_IPV6
LogInit:      CURL_VERSION_ASYNCHDNS
LogInit:      CURL_VERSION_LARGEFILE
LogInit:      CURL_VERSION_IDN
LogInit:  CurlRequestOptions (configurable via config and command line):
LogInit:  - bVerifyPeer = false  - Libcurl will NOT verify peer certificate
LogInit:  - bUseHttpProxy = false  - Libcurl will NOT use HTTP proxy
LogInit:  - bDontReuseConnections = false  - Libcurl will reuse connections
LogInit:  - CertBundlePath = nullptr  - Libcurl will use whatever was configured at build time.
LogInit: Build: ++UE4+Release-4.14-CL-3249277
LogInit: Engine Version: 4.14.3-3249277+++UE4+Release-4.14
LogInit: Compatible Engine Version: 4.14.0-3195953+++UE4+Release-4.14
LogInit: Net CL: 3195953
LogDevObjectVersion: Number of dev versions registered: 13
LogDevObjectVersion:   Dev-Blueprints (B0D832E4-1F89-4F0D-ACCF-7EB736FD4AA2): 7
LogDevObjectVersion:   Dev-Build (E1C64328-A22C-4D53-A36C-8E866417BD8C): 0
LogDevObjectVersion:   Dev-Core (375EC13C-06E4-48FB-B500-84F0262A717E): 1
LogDevObjectVersion:   Dev-Editor (E4B068ED-F494-42E9-A231-DA0B2E46BB41): 8
LogDevObjectVersion:   Dev-Framework (CFFC743F-43B0-4480-9391-14DF171D2073): 17
LogDevObjectVersion:   Dev-Mobile (B02B49B5-BB20-44E9-A304-32B752E40360): 0
LogDevObjectVersion:   Dev-Networking (A4E4105C-59A1-49B5-A7C5-40C4547EDFEE): 0
LogDevObjectVersion:   Dev-Online (39C831C9-5AE6-47DC-9A44-9C173E1C8E7C): 0
LogDevObjectVersion:   Dev-Physics (78F01B33-EBEA-4F98-B9B4-84EACCB95AA2): 0
LogDevObjectVersion:   Dev-Platform (6631380F-2D4D-43E0-8009-CF276956A95A): 0
LogDevObjectVersion:   Dev-Rendering (12F88B9F-8875-4AFC-A67C-D90C383ABD29): 12
LogDevObjectVersion:   Dev-Sequencer (7B5AE74C-D270-4C10-A958-57980B212A5A): 1
LogDevObjectVersion:   Dev-VR (D7296918-1DD6-4BDD-9DE2-64A83CC13884): 0
LogInit: Compiled (64-bit): Jan  6 2017 10:49:43
LogInit: Compiled with Visual C++: 19.00.23026.00
LogInit: Build Configuration: Development
LogInit: Branch Name: ++UE4+Release-4.14
LogInit: Command line: 
LogInit: Base directory: C:/Program Files (x86)/Epic Games/4.14/Engine/Binaries/Win64/
LogInit: Installed Engine Build: 1
LogInit: Presizing for max 8388607 objects, including 0 objects not considered by GC, pre-allocating 0 bytes for permanent pool.
LogInit: Object subsystem initialized
[2017.02.08-12.20.17:518][  0]LogInit: Selected Device Profile: [Windows]
[2017.02.08-12.20.17:518][  0]LogInit: Applying CVar settings loaded from the selected device profile: [Windows]
[2017.02.08-12.20.17:529][  0]LogInit: Computer: MSI
[2017.02.08-12.20.17:529][  0]LogInit: User: refat
[2017.02.08-12.20.17:529][  0]LogInit: CPU Page size=65536, Cores=4
[2017.02.08-12.20.17:529][  0]LogInit: High frequency timer resolution =2.531251 MHz
[2017.02.08-12.20.17:529][  0]LogMemory: Memory total: Physical=15.9GB (16GB approx)
[2017.02.08-12.20.17:529][  0]LogMemory: Platform Memory Stats for Windows
[2017.02.08-12.20.17:529][  0]LogMemory: Process Physical Memory: 269.35 MB used, 269.35 MB peak
[2017.02.08-12.20.17:529][  0]LogMemory: Process Virtual Memory: 263.45 MB used, 263.45 MB peak
[2017.02.08-12.20.17:529][  0]LogMemory: Physical Memory: 7025.94 MB used,  9233.97 MB free, 16259.91 MB total
[2017.02.08-12.20.17:529][  0]LogMemory: Virtual Memory: 720.15 MB used,  9233.97 MB free, 134217728.00 MB total
[2017.02.08-12.20.17:559][  0]LogTextLocalizationManager: No specific translations for ('en-US') exist, so ('en') translations will be used.
[2017.02.08-12.20.18:216][  0]LogD3D11RHI: D3D11 adapters:
[2017.02.08-12.20.18:268][  0]LogD3D11RHI:    0. 'NVIDIA GeForce GTX 970M            ' (Feature Level 11_0)
[2017.02.08-12.20.18:268][  0]LogD3D11RHI:       2991/0/8129 MB DedicatedVideo/DedicatedSystem/SharedSystem, Outputs:1, VendorId:0x10de
[2017.02.08-12.20.18:283][  0]LogD3D11RHI:    1. 'Intel(R) HD Graphics 530' (Feature Level 11_0)
[2017.02.08-12.20.18:283][  0]LogD3D11RHI:       128/0/8129 MB DedicatedVideo/DedicatedSystem/SharedSystem, Outputs:0, VendorId:0x8086
[2017.02.08-12.20.18:286][  0]LogD3D11RHI:    2. 'Microsoft Basic Render Driver' (Feature Level 11_0)
[2017.02.08-12.20.18:286][  0]LogD3D11RHI:       0/0/8129 MB DedicatedVideo/DedicatedSystem/SharedSystem, Outputs:0, VendorId:0x1414
[2017.02.08-12.20.18:286][  0]LogD3D11RHI: Chosen D3D11 Adapter: 0
[2017.02.08-12.20.18:300][  0]LogD3D11RHI: Creating new Direct3DDevice
[2017.02.08-12.20.18:300][  0]LogD3D11RHI:     GPU DeviceId: 0x13d8 (for the marketing name, search the web for "GPU Device Id")
[2017.02.08-12.20.18:300][  0]LogWindows: EnumDisplayDevices:
[2017.02.08-12.20.18:301][  0]LogWindows:    0. 'Intel(R) HD Graphics 530' (P:1 D:1)
[2017.02.08-12.20.18:302][  0]LogWindows:    1. 'Intel(R) HD Graphics 530' (P:0 D:0)
[2017.02.08-12.20.18:302][  0]LogWindows:    2. 'Intel(R) HD Graphics 530' (P:0 D:0)
[2017.02.08-12.20.18:303][  0]LogWindows: DebugString: PrimaryIsNotTheChoosenAdapter PrimaryIsNotTheChoosenAdapter PrimaryIsNotTheChoosenAdapter FoundDriverCount:0 
[2017.02.08-12.20.18:303][  0]LogD3D11RHI:     Adapter Name: NVIDIA GeForce GTX 970M            
[2017.02.08-12.20.18:303][  0]LogD3D11RHI:   Driver Version: Unknown (internal:Unknown, unified:Unknown)
[2017.02.08-12.20.18:303][  0]LogD3D11RHI:      Driver Date: Unknown
[2017.02.08-12.20.18:303][  0]LogRHI: Texture pool is 1361 MB (70% of 1945 MB)
[2017.02.08-12.20.18:336][  0]LogD3D11RHI: Async texture creation enabled
[2017.02.08-12.20.18:358][  0]LogD3D11RHI: GPU Timing Frequency: 1000.000000 (Debug: 2 1)
[2017.02.08-12.20.18:359][  0]LogShaderCompilers: Guid format shader working directory is -29 characters bigger than the processId version (../../../../../../Users/refat/OneDrive/Documents/Unreal Projects/Obligtory/Intermediate/Shaders/WorkingDirectory/11636/).
[2017.02.08-12.20.18:359][  0]LogShaderCompilers: Cleaned the shader compiler working directory 'C:/Users/refat/AppData/Local/Temp/UnrealShaderWorkingDir/51F51B234E528B8A186A31A7D590FF38/'.
[2017.02.08-12.20.18:359][  0]LogShaderCompilers:Display: Using Local Shader Compiler.
[2017.02.08-12.20.19:454][  0]LogTemp:Display: Loaded TP AllDesktopTargetPlatform
[2017.02.08-12.20.19:510][  0]LogTemp:Display: Loaded TP MacClientTargetPlatform
[2017.02.08-12.20.19:588][  0]LogTemp:Display: Loaded TP MacNoEditorTargetPlatform
[2017.02.08-12.20.19:646][  0]LogTemp:Display: Loaded TP MacServerTargetPlatform
[2017.02.08-12.20.19:704][  0]LogTemp:Display: Loaded TP MacTargetPlatform
[2017.02.08-12.20.19:792][  0]LogTemp:Display: Loaded TP WindowsClientTargetPlatform
[2017.02.08-12.20.19:867][  0]LogTemp:Display: Loaded TP WindowsNoEditorTargetPlatform
[2017.02.08-12.20.19:926][  0]LogTemp:Display: Loaded TP WindowsServerTargetPlatform
[2017.02.08-12.20.19:979][  0]LogTemp:Display: Loaded TP WindowsTargetPlatform
[2017.02.08-12.20.20:053][  0]LogTemp:Display: Loaded TP AndroidTargetPlatform
[2017.02.08-12.20.20:145][  0]LogTemp:Display: Loaded TP Android_ASTCTargetPlatform
[2017.02.08-12.20.20:210][  0]LogTemp:Display: Loaded TP Android_ATCTargetPlatform
[2017.02.08-12.20.20:264][  0]LogTemp:Display: Loaded TP Android_DXTTargetPlatform
[2017.02.08-12.20.20:316][  0]LogTemp:Display: Loaded TP Android_ETC1TargetPlatform
[2017.02.08-12.20.20:373][  0]LogTemp:Display: Loaded TP Android_ETC2TargetPlatform
[2017.02.08-12.20.20:478][  0]LogTemp:Display: Loaded TP Android_MultiTargetPlatform
[2017.02.08-12.20.20:478][  0]LogTemp:Display: Loaded TP Android_PVRTCTargetPlatform
[2017.02.08-12.20.20:516][  0]LogTemp:Display: Loaded TP HTML5TargetPlatform
[2017.02.08-12.20.20:644][  0]LogTemp:Display: Loaded TP IOSTargetPlatform
[2017.02.08-12.20.20:724][  0]LogTemp:Display: Loaded TP TVOSTargetPlatform
[2017.02.08-12.20.20:798][  0]LogTemp:Display: Loaded TP LinuxClientTargetPlatform
[2017.02.08-12.20.20:851][  0]LogTemp:Display: Loaded TP LinuxNoEditorTargetPlatform
[2017.02.08-12.20.20:913][  0]LogTemp:Display: Loaded TP LinuxServerTargetPlatform
[2017.02.08-12.20.20:998][  0]LogTemp:Display: Loaded TP LinuxTargetPlatform
[2017.02.08-12.20.20:998][  0]LogTargetPlatformManager:Display: Building Assets For Windows
[2017.02.08-12.20.21:652][  0]LogDerivedDataCache:Display: Max Cache Size: 512 MB
[2017.02.08-12.20.21:715][  0]LogDerivedDataCache: Loaded boot cache 0.06s 50MB C:/Users/refat/AppData/Local/UnrealEngine/4.14/DerivedDataCache/Boot.ddc.
[2017.02.08-12.20.21:715][  0]LogDerivedDataCache:Display: Loaded Boot cache: C:/Users/refat/AppData/Local/UnrealEngine/4.14/DerivedDataCache/Boot.ddc
[2017.02.08-12.20.21:715][  0]LogDerivedDataCache: FDerivedDataBackendGraph:  Pak pak cache file ../../../../../../Users/refat/OneDrive/Documents/Unreal Projects/Obligtory/DerivedDataCache/DDC.ddp not found, will not use a pak cache.
[2017.02.08-12.20.21:715][  0]LogDerivedDataCache: Unable to find inner node Pak for hierarchical cache Hierarchy.
[2017.02.08-12.20.21:716][  0]LogDerivedDataCache: FDerivedDataBackendGraph:  CompressedPak pak cache file ../../../../../../Users/refat/OneDrive/Documents/Unreal Projects/Obligtory/DerivedDataCache/Compressed.ddp not found, will not use a pak cache.
[2017.02.08-12.20.21:716][  0]LogDerivedDataCache: Unable to find inner node CompressedPak for hierarchical cache Hierarchy.
[2017.02.08-12.20.21:735][  0]LogDerivedDataCache:Display: Pak cache opened for reading ../../../Engine/DerivedDataCache/Compressed.ddp.
[2017.02.08-12.20.21:748][  0]LogDerivedDataCache: Using Local data cache path C:/Users/refat/AppData/Local/UnrealEngine/Common/DerivedDataCache: Writable
[2017.02.08-12.20.22:010][  0]LogInit: Selected Device Profile: [Windows]
[2017.02.08-12.20.22:012][  0]LogContentStreaming: Texture pool size is 0.00 MB
[2017.02.08-12.20.22:306][  0]LogMeshUtilities: Using QuadricMeshReduction for automatic static mesh reduction
[2017.02.08-12.20.22:373][  0]LogSimplygon: Simplygon DLL not present - disabling.
[2017.02.08-12.20.22:456][  0]LogMeshUtilities: Using SimplygonSwarm for distributed automatic mesh merging
[2017.02.08-12.20.22:456][  0]LogMeshUtilities: No automatic skeletal mesh reduction module available
[2017.02.08-12.20.22:456][  0]LogMeshUtilities: No automatic mesh merging module available
[2017.02.08-12.20.23:103][  0]LogNetVersion: GetLocalNetworkVersion: CL: 3195953, ProjectName: obligtory, ProjectVersion: , EngineNetworkVersion: 2, GameNetworkVersion: 0, NetworkChecksum: 1537951469
[2017.02.08-12.20.23:205][  0]LogAssetRegistry: FAssetRegistry took 0.0225 seconds to start up
[2017.02.08-12.20.23:324][  0]LogPackageLocalizationCache: Processed 3 localized package path(s) for 2 prioritized culture(s) in 0.046223 seconds
[2017.02.08-12.20.23:332][  0]LogUObjectArray: 31946 objects as part of root set at end of initial load.
[2017.02.08-12.20.23:332][  0]LogUObjectAllocator: 6935848 out of 0 bytes used by permanent object pool.
[2017.02.08-12.20.23:332][  0]LogUObjectArray: CloseDisregardForGC: 0/0 objects in disregard for GC pool
[2017.02.08-12.20.23:475][  0]LogInit: WinSock: version 1.1 (2.2), MaxSocks=32767, MaxUdp=65467
[2017.02.08-12.20.24:341][  0]LogSlate: Using Freetype 2.6.0
[2017.02.08-12.20.24:342][  0]LogSlate: SlateFontCache - WITH_FREETYPE: 1, WITH_HARFBUZZ: 1
[2017.02.08-12.20.24:342][  0]LogSlate: SlateFontCache - WITH_FREETYPE: 1, WITH_HARFBUZZ: 1
[2017.02.08-12.20.25:159][  0]LogTcpMessaging: Initializing TcpMessaging bridge
[2017.02.08-12.20.25:224][  0]LogUdpMessaging: Initializing bridge on interface 0.0.0.0:0 to multicast group 230.0.0.1:6666.
[2017.02.08-12.20.25:705][  0]LogMaterial: Uniform references updated for custom material expression Custom.
[2017.02.08-12.20.26:223][  0]SourceControl: Info Source control is disabled
[2017.02.08-12.20.26:286][  0]SourceControl: Info Source control is disabled
[2017.02.08-12.20.26:334][  0]SourceControl: Info Source control is disabled
[2017.02.08-12.20.26:381][  0]SourceControl: Info Source control is disabled
[2017.02.08-12.20.27:699][  0]LogEngine: Initializing Engine...
[2017.02.08-12.20.27:700][  0]LogHMD: Failed to initialize OpenVR with code 110
[2017.02.08-12.20.27:980][  0]LogAIModule: Creating AISystem for world Untitled
[2017.02.08-12.20.27:995][  0]LogInit: XAudio2 using 'Speakers (Realtek High Definition Audio)' : 8 channels at 48 kHz using 32 bits per sample (channel mask 0x63f)
[2017.02.08-12.20.28:322][  0]LogInit: FAudioDevice initialized.
[2017.02.08-12.20.28:353][  0]LogDerivedDataCache: Saved boot cache 0.03s 50MB C:/Users/refat/AppData/Local/UnrealEngine/4.14/DerivedDataCache/Boot.ddc.
[2017.02.08-12.20.28:362][  0]LogInit: Texture streaming: Enabled
[2017.02.08-12.20.28:582][  0]LogInit: Transaction tracking system initialized
[2017.02.08-12.20.29:017][  0]BlueprintLog: New page: Editor Load
[2017.02.08-12.20.30:120][  0]LocalizationService: Info Localization service is disabled
[2017.02.08-12.20.31:252][  0]LogConsoleResponse:Display: 
[2017.02.08-12.20.31:415][  0]LogCook:Display: Max memory allowance for cook 16384mb min free memory 0mb
[2017.02.08-12.20.31:415][  0]LogCook:Display: Mobile HDR setting 1
[2017.02.08-12.20.32:207][  0]LogFileCache: Scanning file cache for directory 'C:/Users/refat/OneDrive/Documents/Unreal Projects/Obligtory/Content/' took 0.01s
[2017.02.08-12.20.33:474][  0]SourceControl: Info Source control is disabled
[2017.02.08-12.20.33:475][  0]Cmd: MAP LOAD FILE="../../../Engine/Content/Maps/Templates/Template_Default.umap" TEMPLATE=1 SHOWPROGRESS=1 FEATURELEVEL=3
[2017.02.08-12.20.33:476][  0]LightingResults: New page: Lighting Build
[2017.02.08-12.20.33:598][  0]MapCheck: New page: Map Check
[2017.02.08-12.20.33:598][  0]LightingResults: New page: Lighting Build
[2017.02.08-12.20.33:992][  0]LogAIModule: Creating AISystem for world Untitled_1
[2017.02.08-12.20.33:993][  0]LogActorComponent: RegisterComponentWithWorld: (/Temp/Untitled_1.Untitled_1:PersistentLevel.WorldSettings_1.StaticMeshComponent0) Trying to register component with IsPendingKill() == true. Aborting.
[2017.02.08-12.20.33:997][  0]LogEditorServer: Finished looking for orphan Actors (0.000 secs)
[2017.02.08-12.20.34:001][  0]Cmd: MAP CHECKDEP NOCLEARLOG
[2017.02.08-12.20.34:042][  0]MapCheck: Info Map check complete: 0 Error(s), 0 Warning(s), took 40.918ms to complete.
[2017.02.08-12.20.34:042][  0]LogFileHelpers: Loading map 'Template_Default' took 0.567
[2017.02.08-12.20.34:124][  0]LogWindowsTextInputMethodSystem:Display: IME system now deactivated.
[2017.02.08-12.20.34:295][  0]LogCollectionManager: Loaded 0 collections in 0.001752 seconds
[2017.02.08-12.20.34:462][  0]LogFileCache: Scanning file cache for directory 'C:/Users/refat/OneDrive/Documents/Unreal Projects/Obligtory/Saved/Collections/' took 0.01s
[2017.02.08-12.20.34:462][  0]LogFileCache: Scanning file cache for directory 'C:/Users/refat/OneDrive/Documents/Unreal Projects/Obligtory/Content/Developers/refat/Collections/' took 0.01s
[2017.02.08-12.20.34:463][  0]LogFileCache: Scanning file cache for directory 'C:/Users/refat/OneDrive/Documents/Unreal Projects/Obligtory/Content/Collections/' took 0.01s
[2017.02.08-12.20.34:463][  0]LogCollectionManager: Rebuilt the GUID cache for 0 collections in 0.000005 seconds
[2017.02.08-12.20.34:491][  0]LogContentBrowser: Native class hierarchy populated in 0.0281 seconds. Added 2195 classes and 432 folders.
[2017.02.08-12.20.34:579][  0]LogStats: UGameplayTagsManager::ConstructGameplayTagTree: Construct from data asset -  0.000 s
[2017.02.08-12.20.34:579][  0]LogStats: UGameplayTagsManager::ConstructGameplayTagTree: GameplayTagTreeChangedEvent.Broadcast -  0.000 s
[2017.02.08-12.20.34:581][  0]LogContentBrowser: Native class hierarchy updated for 'GameplayTags' in 0.0019 seconds. Added 13 classes and 0 folders.
[2017.02.08-12.20.34:646][  0]LogContentBrowser: Native class hierarchy updated for 'WidgetCarousel' in 0.0012 seconds. Added 0 classes and 0 folders.
[2017.02.08-12.20.35:240][  0]LogContentBrowser: Native class hierarchy updated for 'AddContentDialog' in 0.0039 seconds. Added 0 classes and 0 folders.
[2017.02.08-12.20.35:439][  0]LogCrashTracker: Crashtracker disabled due to settings.
[2017.02.08-12.20.35:449][  0]LogUObjectGlobals:Warning: Failed to find object 'Class None.'
[2017.02.08-12.20.35:567][  0]LogContentBrowser: Native class hierarchy updated for 'HierarchicalLODOutliner' in 0.0024 seconds. Added 1 classes and 2 folders.
[2017.02.08-12.20.35:567][  0]LogLoad: (Engine Initialization) Total time: 119.80 seconds
[2017.02.08-12.20.35:567][  0]LogLoad: (Engine Initialization) Total Blueprint compile time: 0.19 seconds
[2017.02.08-12.20.35:568][  0]LogExternalProfiler: Found external profiler: VSPerf
[2017.02.08-12.20.35:568][  0]LogExternalProfiler: Using external profiler: VSPerf
[2017.02.08-12.20.35:578][  0]LogOcInput: OculusInput pre-init called
[2017.02.08-12.20.35:607][  0]LogContentStreaming: Texture pool size now 1000 MB
[2017.02.08-12.20.35:879][  0]LogRenderer: Reallocating scene render targets to support 1252x924 NumSamples 1 (Frame:2).
[2017.02.08-12.20.35:975][  1]LogAssetRegistry: Asset discovery search completed in 12.7922 seconds
[2017.02.08-12.20.35:975][  1]LogCollectionManager: Rebuilt the object cache for 0 collections in 0.000001 seconds (found 0 objects)
[2017.02.08-12.20.35:975][  1]LogCollectionManager: Fixed up redirectors for 0 collections in 0.000016 seconds (updated 0 objects)
[2017.02.08-12.20.42:362][589]LogAIModule: Creating AISystem for world Obligtory
[2017.02.08-12.20.42:410][589]Cmd: MAP LOAD FILE="../../../../../../Users/refat/OneDrive/Documents/Unreal Projects/Obligtory/Content/Obligtory.umap" TEMPLATE=0 SHOWPROGRESS=1 FEATURELEVEL=3
[2017.02.08-12.20.42:410][589]LightingResults: New page: Lighting Build
[2017.02.08-12.20.42:411][589]LoadErrors: New page: Loading map: Obligtory.umap
[2017.02.08-12.20.42:413][589]MapCheck: New page: Map Check
[2017.02.08-12.20.42:413][589]LightingResults: New page: Lighting Build
[2017.02.08-12.20.42:450][589]LogEditorServer: Finished looking for orphan Actors (0.000 secs)
[2017.02.08-12.20.42:498][589]Cmd: MAP CHECKDEP NOCLEARLOG
[2017.02.08-12.20.42:621][589]MapCheck: Info Map check complete: 0 Error(s), 0 Warning(s), took 122.973ms to complete.
[2017.02.08-12.20.42:623][589]LogFileHelpers: Loading map 'Obligtory' took 0.216
[2017.02.08-12.20.47:392][970]LogEditorViewport: Clicking on Actor (LMB): StaticMeshActor (Floor)
[2017.02.08-12.20.49:455][ 73]LogTemp: Repeting last play command: Selected Viewport
[2017.02.08-12.20.49:485][ 73]LogPlayLevel: PlayLevel: No blueprints needed recompiling
[2017.02.08-12.20.49:489][ 73]PIE: New page: PIE session: Obligtory (Feb 8, 2017, 2:20:49 PM)
[2017.02.08-12.20.49:489][ 73]LogPlayLevel: Creating play world package: /Game/UEDPIE_0_Obligtory
[2017.02.08-12.20.49:497][ 73]LogPlayLevel: PIE: StaticDuplicateObject took: (0.007161s)
[2017.02.08-12.20.49:498][ 73]LogAIModule: Creating AISystem for world Obligtory
[2017.02.08-12.20.49:499][ 73]LogPlayLevel: PIE: World Init took: (0.002067s)
[2017.02.08-12.20.49:499][ 73]LogPlayLevel: PIE: Created PIE world by copying editor world from /Game/Obligtory.Obligtory to /Game/UEDPIE_0_Obligtory.Obligtory (0.010022s)
[2017.02.08-12.20.49:557][ 73]LogInit: XAudio2 using 'Speakers (Realtek High Definition Audio)' : 8 channels at 48 kHz using 32 bits per sample (channel mask 0x63f)
[2017.02.08-12.20.49:908][ 73]LogInit: FAudioDevice initialized.
[2017.02.08-12.20.49:980][ 73]LogLoad: Game class is 'GameModeBase'
[2017.02.08-12.20.49:991][ 73]LogWorld: Bringing World /Game/UEDPIE_0_Obligtory.Obligtory up for play (max tick rate 0) at 2017.02.08-13.20.49
[2017.02.08-12.20.49:995][ 73]LogWorld: Bringing up level for play took: 0.006435
[2017.02.08-12.20.50:124][ 73]LogContentBrowser: Native class hierarchy updated for 'MovieSceneCapture' in 0.0025 seconds. Added 11 classes and 0 folders.
[2017.02.08-12.20.50:137][ 73]LogTemp:Warning: Enemy Spawned
[2017.02.08-12.20.50:137][ 73]LogTemp:Warning: Enemy Spawned
[2017.02.08-12.20.50:137][ 73]LogTemp:Warning: Enemy Spawned
[2017.02.08-12.20.50:137][ 73]LogTemp:Warning: Enemy Spawned
[2017.02.08-12.20.50:137][ 73]LogTemp:Warning: Enemy Spawned
[2017.02.08-12.20.50:137][ 73]LogTemp:Warning: Enemy Spawned
[2017.02.08-12.20.50:137][ 73]LogTemp:Warning: Enemy Spawned
[2017.02.08-12.20.50:137][ 73]LogTemp:Warning: Enemy Spawned
[2017.02.08-12.20.50:137][ 73]LogTemp:Warning: Enemy Spawned
[2017.02.08-12.20.50:137][ 73]LogTemp:Warning: Enemy Spawned
[2017.02.08-12.20.50:137][ 73]LogTemp:Warning: Enemy Spawned
[2017.02.08-12.20.50:137][ 73]LogTemp:Warning: Enemy Spawned
[2017.02.08-12.20.50:137][ 73]LogTemp:Warning: Enemy Spawned
[2017.02.08-12.20.50:137][ 73]LogTemp:Warning: Enemy Spawned
[2017.02.08-12.20.50:137][ 73]LogTemp:Warning: Enemy Spawned
[2017.02.08-12.20.50:137][ 73]LogTemp:Warning: Enemy Spawned
[2017.02.08-12.20.50:137][ 73]LogTemp:Warning: Enemy Spawned
[2017.02.08-12.20.50:137][ 73]LogTemp:Warning: Enemy Spawned
[2017.02.08-12.20.50:137][ 73]LogTemp:Warning: Enemy Spawned
[2017.02.08-12.20.50:137][ 73]LogTemp:Warning: Enemy Spawned
[2017.02.08-12.20.50:137][ 73]LogTemp:Warning: Enemy Spawned
[2017.02.08-12.20.50:137][ 73]LogTemp:Warning: Enemy Spawned
[2017.02.08-12.20.50:137][ 73]LogTemp:Warning: Enemy Spawned
[2017.02.08-12.20.50:137][ 73]LogTemp:Warning: Enemy Spawned
[2017.02.08-12.20.50:137][ 73]LogTemp:Warning: Enemy Spawned
[2017.02.08-12.20.50:137][ 73]LogTemp:Warning: Enemy Spawned
[2017.02.08-12.20.50:137][ 73]LogTemp:Warning: Enemy Spawned
[2017.02.08-12.20.50:137][ 73]LogTemp:Warning: Enemy Spawned
[2017.02.08-12.20.50:137][ 73]LogTemp:Warning: Enemy Spawned
[2017.02.08-12.20.50:137][ 73]LogTemp:Warning: Enemy Spawned
[2017.02.08-12.20.50:137][ 73]LogTemp:Warning: Enemy Spawned
[2017.02.08-12.20.50:138][ 73]LogTemp:Warning: Enemy Spawned
[2017.02.08-12.20.50:138][ 73]LogTemp:Warning: Enemy Spawned
[2017.02.08-12.20.50:138][ 73]LogTemp:Warning: Enemy Spawned
[2017.02.08-12.20.50:138][ 73]LogTemp:Warning: Enemy Spawned
[2017.02.08-12.20.50:138][ 73]LogTemp:Warning: Enemy Spawned
[2017.02.08-12.20.50:138][ 73]LogTemp:Warning: Enemy Spawned
[2017.02.08-12.20.50:138][ 73]LogTemp:Warning: Enemy Spawned
[2017.02.08-12.20.50:138][ 73]LogTemp:Warning: Enemy Spawned
[2017.02.08-12.20.50:138][ 73]LogTemp:Warning: Enemy Spawned
[2017.02.08-12.20.50:138][ 73]PIE: Info Play in editor start time for /Game/UEDPIE_0_Obligtory 0.273
[2017.02.08-12.20.54:290][546]LogTemp:Warning: Bullet Spawned
[2017.02.08-12.20.54:523][572]LogTemp:Warning: Bullet Spawned
[2017.02.08-12.20.54:711][592]LogTemp:Warning: Bullet Spawned
[2017.02.08-12.20.54:922][615]LogTemp:Warning: Bullet Spawned
[2017.02.08-12.20.55:103][635]LogTemp:Warning: Bullet Spawned
[2017.02.08-12.20.55:308][657]LogTemp:Warning: Bullet Spawned
[2017.02.08-12.20.55:566][685]LogTemp:Warning: Bullet Spawned
[2017.02.08-12.20.55:795][709]LogTemp:Warning: Bullet Spawned
[2017.02.08-12.20.56:059][737]LogTemp:Warning: Bullet Spawned
[2017.02.08-12.20.56:268][761]LogTemp:Warning: Bullet Spawned
[2017.02.08-12.20.56:521][791]LogTemp:Warning: Bullet Spawned
[2017.02.08-12.20.56:755][819]LogTemp:Warning: Bullet Spawned
[2017.02.08-12.20.56:941][841]LogTemp:Warning: Bullet Spawned
[2017.02.08-12.20.57:152][866]LogTemp:Warning: Bullet Spawned
[2017.02.08-12.20.57:376][892]LogTemp:Warning: Bullet Spawned
[2017.02.08-12.20.57:586][917]LogTemp:Warning: Bullet Spawned
[2017.02.08-12.20.57:811][944]LogTemp:Warning: Bullet Spawned
[2017.02.08-12.20.58:022][969]LogTemp:Warning: Bullet Spawned
[2017.02.08-12.20.58:274][999]LogTemp:Warning: Bullet Spawned
[2017.02.08-12.20.58:485][ 24]LogTemp:Warning: Bullet Spawned
[2017.02.08-12.20.58:729][ 53]LogTemp:Warning: Bullet Spawned
[2017.02.08-12.20.58:939][ 78]LogTemp:Warning: Bullet Spawned
[2017.02.08-12.20.59:144][102]LogTemp:Warning: Bullet Spawned
[2017.02.08-12.20.59:357][127]LogTemp:Warning: Bullet Spawned
[2017.02.08-12.20.59:565][151]LogTemp:Warning: Bullet Spawned
[2017.02.08-12.20.59:776][176]LogTemp:Warning: Bullet Spawned
[2017.02.08-12.20.59:960][198]LogTemp:Warning: Bullet Spawned
[2017.02.08-12.21.00:130][218]LogTemp:Warning: Bullet Spawned
[2017.02.08-12.21.00:315][240]LogTemp:Warning: Bullet Spawned
[2017.02.08-12.21.00:507][263]LogTemp:Warning: Bullet Spawned
[2017.02.08-12.21.00:699][286]LogTemp:Warning: Bullet Spawned
[2017.02.08-12.21.00:882][308]LogTemp:Warning: Bullet Spawned
[2017.02.08-12.21.01:416][372]LogTemp:Warning: Destruction
[2017.02.08-12.21.02:766][534]LogTemp:Warning: Destruction
[2017.02.08-12.21.07:423][989]LogTemp: Repeting last play command: Selected Viewport
[2017.02.08-12.21.07:440][989]LogPlayLevel: PlayLevel: No blueprints needed recompiling
[2017.02.08-12.21.07:440][989]PIE: New page: PIE session: Obligtory (Feb 8, 2017, 2:21:07 PM)
[2017.02.08-12.21.07:440][989]LogPlayLevel: Creating play world package: /Game/UEDPIE_0_Obligtory
[2017.02.08-12.21.07:443][989]LogPlayLevel: PIE: StaticDuplicateObject took: (0.002965s)
[2017.02.08-12.21.07:443][989]LogAIModule: Creating AISystem for world Obligtory
[2017.02.08-12.21.07:444][989]LogPlayLevel: PIE: World Init took: (0.000811s)
[2017.02.08-12.21.07:444][989]LogPlayLevel: PIE: Created PIE world by copying editor world from /Game/Obligtory.Obligtory to /Game/UEDPIE_0_Obligtory.Obligtory (0.004051s)
[2017.02.08-12.21.07:475][989]LogInit: XAudio2 using 'Speakers (Realtek High Definition Audio)' : 8 channels at 48 kHz using 32 bits per sample (channel mask 0x63f)
[2017.02.08-12.21.07:798][989]LogInit: FAudioDevice initialized.
[2017.02.08-12.21.07:843][989]LogLoad: Game class is 'GameModeBase'
[2017.02.08-12.21.07:848][989]LogWorld: Bringing World /Game/UEDPIE_0_Obligtory.Obligtory up for play (max tick rate 0) at 2017.02.08-13.21.07
[2017.02.08-12.21.07:849][989]LogWorld: Bringing up level for play took: 0.002814
[2017.02.08-12.21.07:868][989]LogTemp:Warning: Enemy Spawned
[2017.02.08-12.21.07:868][989]LogTemp:Warning: Enemy Spawned
[2017.02.08-12.21.07:868][989]LogTemp:Warning: Enemy Spawned
[2017.02.08-12.21.07:868][989]LogTemp:Warning: Enemy Spawned
[2017.02.08-12.21.07:868][989]LogTemp:Warning: Enemy Spawned
[2017.02.08-12.21.07:868][989]LogTemp:Warning: Enemy Spawned
[2017.02.08-12.21.07:868][989]LogTemp:Warning: Enemy Spawned
[2017.02.08-12.21.07:868][989]LogTemp:Warning: Enemy Spawned
[2017.02.08-12.21.07:868][989]LogTemp:Warning: Enemy Spawned
[2017.02.08-12.21.07:868][989]LogTemp:Warning: Enemy Spawned
[2017.02.08-12.21.07:868][989]LogTemp:Warning: Enemy Spawned
[2017.02.08-12.21.07:868][989]LogTemp:Warning: Enemy Spawned
[2017.02.08-12.21.07:868][989]LogTemp:Warning: Enemy Spawned
[2017.02.08-12.21.07:868][989]LogTemp:Warning: Enemy Spawned
[2017.02.08-12.21.07:868][989]LogTemp:Warning: Enemy Spawned
[2017.02.08-12.21.07:868][989]LogTemp:Warning: Enemy Spawned
[2017.02.08-12.21.07:868][989]LogTemp:Warning: Enemy Spawned
[2017.02.08-12.21.07:868][989]LogTemp:Warning: Enemy Spawned
[2017.02.08-12.21.07:868][989]LogTemp:Warning: Enemy Spawned
[2017.02.08-12.21.07:869][989]LogTemp:Warning: Enemy Spawned
[2017.02.08-12.21.07:869][989]LogTemp:Warning: Enemy Spawned
[2017.02.08-12.21.07:869][989]LogTemp:Warning: Enemy Spawned
[2017.02.08-12.21.07:869][989]LogTemp:Warning: Enemy Spawned
[2017.02.08-12.21.07:869][989]LogTemp:Warning: Enemy Spawned
[2017.02.08-12.21.07:869][989]LogTemp:Warning: Enemy Spawned
[2017.02.08-12.21.07:869][989]LogTemp:Warning: Enemy Spawned
[2017.02.08-12.21.07:869][989]LogTemp:Warning: Enemy Spawned
[2017.02.08-12.21.07:869][989]LogTemp:Warning: Enemy Spawned
[2017.02.08-12.21.07:869][989]LogTemp:Warning: Enemy Spawned
[2017.02.08-12.21.07:869][989]LogTemp:Warning: Enemy Spawned
[2017.02.08-12.21.07:869][989]LogTemp:Warning: Enemy Spawned
[2017.02.08-12.21.07:869][989]LogTemp:Warning: Enemy Spawned
[2017.02.08-12.21.07:869][989]LogTemp:Warning: Enemy Spawned
[2017.02.08-12.21.07:869][989]LogTemp:Warning: Enemy Spawned
[2017.02.08-12.21.07:869][989]LogTemp:Warning: Enemy Spawned
[2017.02.08-12.21.07:869][989]LogTemp:Warning: Enemy Spawned
[2017.02.08-12.21.07:869][989]LogTemp:Warning: Enemy Spawned
[2017.02.08-12.21.07:869][989]LogTemp:Warning: Enemy Spawned
[2017.02.08-12.21.07:869][989]LogTemp:Warning: Enemy Spawned
[2017.02.08-12.21.07:869][989]LogTemp:Warning: Enemy Spawned
[2017.02.08-12.21.07:869][989]PIE: Info Play in editor start time for /Game/UEDPIE_0_Obligtory 0.004
[2017.02.08-12.21.33:132][585]LogTemp:Warning: Bullet Spawned
[2017.02.08-12.21.33:328][606]LogTemp:Warning: Bullet Spawned
[2017.02.08-12.21.33:509][626]LogTemp:Warning: Bullet Spawned
[2017.02.08-12.21.33:701][647]LogTemp:Warning: Bullet Spawned
[2017.02.08-12.21.33:882][667]LogTemp:Warning: Bullet Spawned
[2017.02.08-12.21.34:091][689]LogTemp:Warning: Bullet Spawned
[2017.02.08-12.21.34:326][713]LogTemp:Warning: Bullet Spawned
[2017.02.08-12.21.34:534][734]LogTemp:Warning: Bullet Spawned
[2017.02.08-12.21.34:723][753]LogTemp:Warning: Bullet Spawned
[2017.02.08-12.21.34:912][772]LogTemp:Warning: Bullet Spawned
[2017.02.08-12.21.35:138][794]LogTemp:Warning: Bullet Spawned
[2017.02.08-12.21.35:391][820]LogTemp:Warning: Bullet Spawned
[2017.02.08-12.21.35:605][842]LogTemp:Warning: Bullet Spawned
[2017.02.08-12.21.35:849][861]LogTemp:Warning: Bullet Spawned
[2017.02.08-12.21.36:064][866]LogTemp:Warning: Bullet Spawned
[2017.02.08-12.21.36:314][872]LogTemp:Warning: Bullet Spawned
[2017.02.08-12.21.36:551][879]LogTemp:Warning: Bullet Spawned
[2017.02.08-12.21.36:739][889]LogTemp:Warning: Bullet Spawned
[2017.02.08-12.21.36:972][912]LogTemp:Warning: Bullet Spawned
[2017.02.08-12.21.37:192][935]LogTemp:Warning: Bullet Spawned
[2017.02.08-12.21.37:452][956]LogTemp:Warning: Bullet Spawned
[2017.02.08-12.21.37:738][979]LogTemp:Warning: Bullet Spawned
[2017.02.08-12.21.37:965][996]LogTemp:Warning: Bullet Spawned
[2017.02.08-12.21.38:171][ 14]LogTemp:Warning: Bullet Spawned
[2017.02.08-12.21.38:365][ 36]LogTemp:Warning: Bullet Spawned
[2017.02.08-12.21.38:554][ 58]LogTemp:Warning: Destruction
[2017.02.08-12.21.38:587][ 62]LogTemp:Warning: Bullet Spawned
[2017.02.08-12.21.38:823][ 90]LogTemp:Warning: Bullet Spawned
[2017.02.08-12.21.39:069][118]LogTemp:Warning: Bullet Spawned
[2017.02.08-12.21.39:286][142]LogTemp:Warning: Bullet Spawned
[2017.02.08-12.21.39:514][166]LogTemp:Warning: Bullet Spawned
[2017.02.08-12.21.39:635][179]LogTemp:Warning: Destruction
[2017.02.08-12.21.39:721][188]LogTemp:Warning: Bullet Spawned
[2017.02.08-12.21.39:880][205]LogTemp:Warning: Destruction
[2017.02.08-12.21.39:946][212]LogTemp:Warning: Bullet Spawned
[2017.02.08-12.21.40:116][230]LogTemp:Warning: Destruction
[2017.02.08-12.21.40:160][235]LogTemp:Warning: Bullet Spawned
[2017.02.08-12.21.40:337][255]LogTemp:Warning: Destruction
[2017.02.08-12.21.40:409][263]LogTemp:Warning: Bullet Spawned
[2017.02.08-12.21.40:559][280]LogTemp:Warning: Destruction
[2017.02.08-12.21.40:717][298]LogTemp:Warning: Bullet Spawned
[2017.02.08-12.21.40:931][322]LogTemp:Warning: Bullet Spawned
[2017.02.08-12.21.41:137][345]LogTemp:Warning: Bullet Spawned
[2017.02.08-12.21.41:349][367]LogTemp:Warning: Bullet Spawned
[2017.02.08-12.21.41:577][390]LogTemp:Warning: Bullet Spawned
[2017.02.08-12.21.41:875][421]LogTemp:Warning: Bullet Spawned
[2017.02.08-12.21.42:001][434]LogTemp:Warning: Destruction
[2017.02.08-12.21.42:104][445]LogTemp:Warning: Bullet Spawned
[2017.02.08-12.21.42:198][456]LogTemp:Warning: Destruction
[2017.02.08-12.21.42:332][472]LogTemp:Warning: Bullet Spawned
[2017.02.08-12.21.42:416][482]LogTemp:Warning: Destruction
[2017.02.08-12.21.42:577][501]LogTemp:Warning: Bullet Spawned
[2017.02.08-12.21.42:652][510]LogTemp:Warning: Destruction
[2017.02.08-12.21.42:828][531]LogTemp:Warning: Bullet Spawned
[2017.02.08-12.21.42:895][539]LogTemp:Warning: Destruction
[2017.02.08-12.21.43:053][558]LogTemp:Warning: Bullet Spawned
[2017.02.08-12.21.43:113][565]LogTemp:Warning: Destruction
[2017.02.08-12.21.43:311][586]LogTemp:Warning: Bullet Spawned
[2017.02.08-12.21.43:349][590]LogTemp:Warning: Destruction
[2017.02.08-12.21.43:553][613]LogTemp:Warning: Destruction
[2017.02.08-12.21.43:562][614]LogTemp:Warning: Bullet Spawned
[2017.02.08-12.21.43:787][641]LogTemp:Warning: Bullet Spawned
[2017.02.08-12.21.44:098][678]LogTemp:Warning: Bullet Spawned
[2017.02.08-12.21.44:344][707]LogTemp:Warning: Bullet Spawned
[2017.02.08-12.21.44:579][735]LogTemp:Warning: Bullet Spawned
[2017.02.08-12.21.44:831][765]LogTemp:Warning: Bullet Spawned
[2017.02.08-12.21.45:123][800]LogTemp:Warning: Bullet Spawned
[2017.02.08-12.21.45:367][829]LogTemp:Warning: Bullet Spawned
[2017.02.08-12.21.45:640][861]LogTemp:Warning: Bullet Spawned
[2017.02.08-12.21.45:954][898]LogTemp:Warning: Bullet Spawned
[2017.02.08-12.21.46:168][923]LogTemp:Warning: Bullet Spawned
[2017.02.08-12.21.46:405][948]LogTemp:Warning: Destruction
[2017.02.08-12.21.46:431][951]LogTemp:Warning: Bullet Spawned
[2017.02.08-12.21.46:704][981]LogTemp:Warning: Bullet Spawned
[2017.02.08-12.21.46:881][  0]LogTemp:Warning: Destruction
[2017.02.08-12.21.47:137][ 28]LogTemp:Warning: Destruction
[2017.02.08-12.21.47:147][ 29]LogTemp:Warning: Bullet Spawned
[2017.02.08-12.21.47:389][ 57]LogTemp:Warning: Destruction
[2017.02.08-12.21.47:397][ 58]LogTemp:Warning: Bullet Spawned
[2017.02.08-12.21.47:618][ 84]LogTemp:Warning: Destruction
[2017.02.08-12.21.47:930][121]LogTemp:Warning: Destruction
[2017.02.08-12.21.48:173][150]LogTemp:Warning: Destruction
[2017.02.08-12.21.48:409][177]LogTemp:Warning: Destruction
[2017.02.08-12.21.48:660][207]LogTemp:Warning: Destruction
[2017.02.08-12.21.48:952][241]LogTemp:Warning: Destruction
[2017.02.08-12.21.49:324][285]LogTemp:Warning: Bullet Spawned
[2017.02.08-12.21.50:030][366]LogTemp:Warning: Bullet Spawned
[2017.02.08-12.21.50:342][402]LogTemp:Warning: Bullet Spawned
[2017.02.08-12.21.50:975][475]LogTemp:Warning: Destruction
[2017.02.08-12.21.51:227][504]LogTemp:Warning: Destruction
[2017.02.08-12.21.53:803][795]LogTemp:Warning: Bullet Spawned
[2017.02.08-12.21.53:858][801]LogTemp:Warning: Destruction
[2017.02.08-12.21.54:020][819]LogTemp:Warning: Bullet Spawned
[2017.02.08-12.21.54:174][836]LogTemp:Warning: Destruction
[2017.02.08-12.21.54:263][846]LogTemp:Warning: Bullet Spawned
[2017.02.08-12.21.54:479][870]LogTemp:Warning: Bullet Spawned
[2017.02.08-12.21.54:700][894]LogTemp:Warning: Bullet Spawned
[2017.02.08-12.21.54:911][917]LogTemp:Warning: Bullet Spawned
[2017.02.08-12.21.55:207][949]LogTemp:Warning: Bullet Spawned
[2017.02.08-12.21.55:491][980]LogTemp:Warning: Bullet Spawned
[2017.02.08-12.21.55:808][ 15]LogTemp:Warning: Bullet Spawned
[2017.02.08-12.21.56:745][118]LogTemp:Warning: Bullet Spawned
[2017.02.08-12.21.57:176][165]LogTemp:Warning: Bullet Spawned
[2017.02.08-12.21.57:474][198]LogTemp:Warning: Bullet Spawned
[2017.02.08-12.21.57:786][232]LogTemp:Warning: Bullet Spawned
[2017.02.08-12.21.58:070][263]LogTemp:Warning: Bullet Spawned
[2017.02.08-12.21.58:529][315]LogTemp:Warning: Destruction
[2017.02.08-12.21.58:723][338]LogTemp:Warning: Bullet Spawned
[2017.02.08-12.21.58:741][340]LogTemp:Warning: Destruction
[2017.02.08-12.21.59:031][374]LogTemp:Warning: Bullet Spawned
[2017.02.08-12.21.59:032][374]LogTemp:Warning: Destruction
[2017.02.08-12.21.59:316][405]LogTemp:Warning: Destruction
[2017.02.08-12.21.59:388][413]LogTemp:Warning: Bullet Spawned
[2017.02.08-12.21.59:639][440]LogTemp:Warning: Destruction
[2017.02.08-12.21.59:694][446]LogTemp:Warning: Bullet Spawned
[2017.02.08-12.21.59:964][475]LogTemp:Warning: Bullet Spawned
[2017.02.08-12.22.00:236][504]LogTemp:Warning: Bullet Spawned
[2017.02.08-12.22.00:568][540]LogTemp:Warning: Bullet Spawned
[2017.02.08-12.22.00:578][541]LogTemp:Warning: Destruction
[2017.02.08-12.22.01:007][588]LogTemp:Warning: Destruction
[2017.02.08-12.22.01:307][621]LogTemp:Warning: Destruction
[2017.02.08-12.22.01:618][655]LogTemp:Warning: Destruction
[2017.02.08-12.22.01:896][686]LogTemp:Warning: Destruction
[2017.02.08-12.22.02:551][758]LogTemp:Warning: Destruction
[2017.02.08-12.22.02:863][793]LogTemp:Warning: Destruction
[2017.02.08-12.22.03:215][831]LogTemp:Warning: Destruction
[2017.02.08-12.22.03:522][862]LogTemp:Warning: Destruction
[2017.02.08-12.22.03:793][891]LogTemp:Warning: Destruction
[2017.02.08-12.22.04:063][920]LogTemp:Warning: Destruction
[2017.02.08-12.22.04:401][951]LogTemp:Warning: Destruction
[2017.02.08-13.45.54:235][654]LogHttp:Warning: 00000235895FCD00: request failed, libcurl error: 6 (Couldn't resolve host name)
[2017.02.08-13.45.54:235][654]LogHttp:Warning: 00000235895FCD00: libcurl info message cache 0 (Connection 7 seems to be dead!)
[2017.02.08-13.45.54:235][654]LogHttp:Warning: 00000235895FCD00: libcurl info message cache 1 (Closing connection 7)
[2017.02.08-13.45.54:235][654]LogHttp:Warning: 00000235895FCD00: libcurl info message cache 2 (Could not resolve host: datarouter.ol.epicgames.com)
[2017.02.08-13.45.54:235][654]LogHttp:Warning: 00000235895FCD00: libcurl info message cache 3 (Closing connection 8)
[2017.02.08-13.45.55:045][655]LogRenderer: Reallocating scene render targets to support 1252x964 NumSamples 1 (Frame:73695).
